<?xml version="1.0" encoding="UTF-8"?>
<!-- Generated by org.testng.reporters.JUnitReportReporter -->
<testsuite hostname="davidsheela" failures="0" tests="1" name="TcRepository.TC_006" time="9.492" errors="0" timestamp="2024-11-13T10:37:14 IST" skipped="0">
  <testcase classname="TcRepository.TC_006" name="ORG_02Test" time="9.492"/>
  <system-out/>
</testsuite> <!-- TcRepository.TC_006 -->
