<?xml version="1.0" encoding="UTF-8"?>
<!-- Generated by org.testng.reporters.JUnitReportReporter -->
<testsuite hostname="davidsheela" failures="0" tests="1" name="TcRepository.TC_003" time="22.666" errors="0" timestamp="2024-11-09T15:27:07 IST" skipped="0">
  <testcase classname="TcRepository.TC_003" name="LE_03" time="22.666"/>
  <system-out/>
</testsuite> <!-- TcRepository.TC_003 -->
