<?xml version="1.0" encoding="UTF-8"?>
<!-- Generated by org.testng.reporters.JUnitReportReporter -->
<testsuite hostname="davidsheela" failures="0" tests="1" name="Sample.RetryAnalyzerPractice" time="0.016" errors="0" timestamp="2024-11-09T10:35:03 IST" skipped="0">
  <testcase classname="Sample.RetryAnalyzerPractice" name="sample" time="0.016"/>
  <system-out/>
</testsuite> <!-- Sample.RetryAnalyzerPractice -->
