<?xml version="1.0" encoding="UTF-8"?>
<!-- Generated by org.testng.reporters.JUnitReportReporter -->
<testsuite hostname="davidsheela" failures="0" tests="1" name="TcRepository.TC_005" time="11.287" errors="0" timestamp="2024-11-21T10:12:25 IST" skipped="0">
  <testcase classname="TcRepository.TC_005" name="ORG_01Test" time="11.287"/>
  <system-out/>
</testsuite> <!-- TcRepository.TC_005 -->
