<?xml version="1.0" encoding="UTF-8"?>
<!-- Generated by org.testng.reporters.JUnitReportReporter -->
<testsuite hostname="davidsheela" failures="0" tests="1" name="TcRepository.TC_008" time="12.631" errors="0" timestamp="2024-11-05T14:20:50 IST" skipped="0">
  <testcase classname="TcRepository.TC_008" name="ORG_04Test" time="12.631"/>
  <system-out/>
</testsuite> <!-- TcRepository.TC_008 -->
