<?xml version="1.0" encoding="UTF-8"?>
<!-- Generated by org.testng.reporters.JUnitReportReporter -->
<testsuite hostname="davidsheela" failures="0" tests="5" name="Sample.TestNGPractice" time="0.036" errors="0" timestamp="2024-10-27T10:07:40 IST" skipped="0">
  <testcase classname="Sample.TestNGPractice" name="createUser" time="0.002"/>
  <testcase classname="Sample.TestNGPractice" name="createUser" time="0.027"/>
  <testcase classname="Sample.TestNGPractice" name="createUser" time="0.002"/>
  <testcase classname="Sample.TestNGPractice" name="createUser" time="0.003"/>
  <testcase classname="Sample.TestNGPractice" name="deleteUser" time="0.002"/>
</testsuite> <!-- Sample.TestNGPractice -->
